<?xml version="1.0" encoding="UTF-8"?>
<!-- Generated by org.testng.reporters.JUnitXMLReporter -->
<testsuite ignored="0" hostname="Laptop-Carquind" failures="0" tests="5" name="Command line test" time="22.648" errors="0" timestamp="2023-07-30T16:59:43 CLT">
  <testcase classname="com.challenge.tests.VerifySearchFunctionalityTest" name="testSearchWithInvalidTerm" time="3.296"/>
  <testcase classname="com.challenge.tests.VerifySearchFunctionalityTest" name="testSearchWithValidTerm" time="3.188"/>
  <testcase classname="com.challenge.tests.VerifyUIElementsTest" name="testHeaderDisplaysCorrectTitle" time="3.075"/>
  <testcase classname="com.challenge.tests.VerifyUIElementsTest" name="testSearchFormPresence" time="3.132"/>
  <testcase classname="com.challenge.tests.VerifyUIElementsTest" name="testSearchResultSectionPresence" time="3.048"/>
</testsuite> <!-- Command line test -->
