<?xml version="1.0" encoding="UTF-8"?>
<testng-results ignored="0" total="5" passed="5" failed="0" skipped="0">
  <reporter-output>
  </reporter-output>
  <suite started-at="2023-07-30T16:59:20 CLT" name="Command line suite" finished-at="2023-07-30T16:59:43 CLT" duration-ms="22648">
    <groups>
    </groups>
    <test started-at="2023-07-30T16:59:20 CLT" name="Command line test" finished-at="2023-07-30T16:59:43 CLT" duration-ms="22648">
      <class name="com.challenge.tests.VerifySearchFunctionalityTest">
        <test-method is-config="true" signature="setUp()[pri:0, instance:com.challenge.tests.VerifySearchFunctionalityTest@2fb0623e]" started-at="2023-07-30T16:59:20 CLT" name="setUp" finished-at="2023-07-30T16:59:24 CLT" duration-ms="3640" status="PASS">
          <reporter-output>
          </reporter-output>
        </test-method> <!-- setUp -->
        <test-method signature="testSearchWithInvalidTerm()[pri:0, instance:com.challenge.tests.VerifySearchFunctionalityTest@2fb0623e]" started-at="2023-07-30T16:59:24 CLT" name="testSearchWithInvalidTerm" finished-at="2023-07-30T16:59:27 CLT" duration-ms="3296" status="PASS">
          <reporter-output>
          </reporter-output>
        </test-method> <!-- testSearchWithInvalidTerm -->
        <test-method signature="testSearchWithValidTerm()[pri:0, instance:com.challenge.tests.VerifySearchFunctionalityTest@2fb0623e]" started-at="2023-07-30T16:59:27 CLT" name="testSearchWithValidTerm" finished-at="2023-07-30T16:59:30 CLT" duration-ms="3188" status="PASS">
          <reporter-output>
          </reporter-output>
        </test-method> <!-- testSearchWithValidTerm -->
        <test-method is-config="true" signature="tearDown()[pri:0, instance:com.challenge.tests.VerifySearchFunctionalityTest@2fb0623e]" started-at="2023-07-30T16:59:30 CLT" name="tearDown" finished-at="2023-07-30T16:59:31 CLT" duration-ms="951" status="PASS">
          <reporter-output>
          </reporter-output>
        </test-method> <!-- tearDown -->
      </class> <!-- com.challenge.tests.VerifySearchFunctionalityTest -->
      <class name="com.challenge.tests.VerifyUIElementsTest">
        <test-method is-config="true" signature="setUp()[pri:0, instance:com.challenge.tests.VerifyUIElementsTest@4f49f6af]" started-at="2023-07-30T16:59:31 CLT" name="setUp" finished-at="2023-07-30T16:59:33 CLT" duration-ms="1963" status="PASS">
          <reporter-output>
          </reporter-output>
        </test-method> <!-- setUp -->
        <test-method signature="testHeaderDisplaysCorrectTitle()[pri:0, instance:com.challenge.tests.VerifyUIElementsTest@4f49f6af]" started-at="2023-07-30T16:59:33 CLT" name="testHeaderDisplaysCorrectTitle" finished-at="2023-07-30T16:59:36 CLT" duration-ms="3075" status="PASS">
          <reporter-output>
          </reporter-output>
        </test-method> <!-- testHeaderDisplaysCorrectTitle -->
        <test-method signature="testSearchFormPresence()[pri:0, instance:com.challenge.tests.VerifyUIElementsTest@4f49f6af]" started-at="2023-07-30T16:59:36 CLT" name="testSearchFormPresence" finished-at="2023-07-30T16:59:39 CLT" duration-ms="3132" status="PASS">
          <reporter-output>
          </reporter-output>
        </test-method> <!-- testSearchFormPresence -->
        <test-method signature="testSearchResultSectionPresence()[pri:0, instance:com.challenge.tests.VerifyUIElementsTest@4f49f6af]" started-at="2023-07-30T16:59:39 CLT" name="testSearchResultSectionPresence" finished-at="2023-07-30T16:59:43 CLT" duration-ms="3048" status="PASS">
          <reporter-output>
          </reporter-output>
        </test-method> <!-- testSearchResultSectionPresence -->
        <test-method is-config="true" signature="tearDown()[pri:0, instance:com.challenge.tests.VerifyUIElementsTest@4f49f6af]" started-at="2023-07-30T16:59:43 CLT" name="tearDown" finished-at="2023-07-30T16:59:43 CLT" duration-ms="287" status="PASS">
          <reporter-output>
          </reporter-output>
        </test-method> <!-- tearDown -->
      </class> <!-- com.challenge.tests.VerifyUIElementsTest -->
    </test> <!-- Command line test -->
  </suite> <!-- Command line suite -->
</testng-results>
